01/06/2021 18:47:40 - INFO: BUILD : STARTED
01/06/2021 18:47:40 - INFO: CREATE DIR : builds\Testing
01/06/2021 18:47:40 - INFO: CREATE DIR : builds\Testing\files
01/06/2021 18:47:40 - INFO: CREATE DIR : builds\Testing\files\components
01/06/2021 18:47:40 - INFO: CREATE DIR : builds\Testing\files\scripts
01/06/2021 18:47:40 - INFO: CREATE DIR : builds\Testing\files\utils
01/06/2021 18:47:40 - INFO: CREATE DIR : builds\Testing\resources
01/06/2021 18:47:40 - INFO: CREATE DIR : builds\Testing\resources\textures
01/06/2021 18:47:40 - INFO: CREATE DIR : builds\Testing\resources\sounds
01/06/2021 18:47:40 - INFO: CREATE DIR : builds\Testing\resources\langs
01/06/2021 18:47:40 - INFO: COPY GAME RESOURCES : STARTED
01/06/2021 18:47:40 - INFO: GAME TEXTURE RESOURCE : D:/Programmation/Python/Projet/pyengine/PyEngine-4/projects_files/ball.png
01/06/2021 18:47:40 - INFO: GAME TEXTURE RESOURCE : D:/Programmation/Python/Projet/pyengine/PyEngine-4/projects_files/paddle.png
01/06/2021 18:47:40 - INFO: GAME LANG RESOURCE : D:/Programmation/Python/Projet/pyengine/PyEngine-4/projects_files/en.json
01/06/2021 18:47:40 - INFO: GAME LANG RESOURCE : D:/Programmation/Python/Projet/pyengine/PyEngine-4/projects_files/fr.json
01/06/2021 18:47:40 - INFO: COPY GAME RESOURCES : SUCCESSFULLY ENDED
01/06/2021 18:47:40 - INFO: COPY GAME SCRIPTS : STARTED
01/06/2021 18:47:40 - INFO: GAME SCRIPT : printLang.py
01/06/2021 18:47:40 - INFO: COPY GAME SCRIPT : SUCCESSFULLY ENDED
01/06/2021 18:47:40 - INFO: GENERATE GAME FILES : STARTED
01/06/2021 18:47:40 - INFO: GENERATE : Main
01/06/2021 18:47:40 - INFO: GENERATE SCENE : base
01/06/2021 18:47:40 - INFO: GENERATE GAMEOBJECT : e1
01/06/2021 18:47:40 - INFO: GENERATE COMPONENT : TransformComponent
01/06/2021 18:47:40 - INFO: GENERATE COMPONENT : SpriteComponent
01/06/2021 18:47:40 - INFO: GENERATE COMPONENT : ControlComponent
01/06/2021 18:47:40 - INFO: GENERATE COMPONENT : ParticleComponent
01/06/2021 18:47:40 - INFO: GENERATE COMPONENT : CollisionComponent
01/06/2021 18:47:40 - INFO: GENERATE GAMEOBJECT : e2
01/06/2021 18:47:40 - INFO: GENERATE COMPONENT : TransformComponent
01/06/2021 18:47:40 - INFO: GENERATE COMPONENT : SpriteComponent
01/06/2021 18:47:40 - INFO: GENERATE COMPONENT : CollisionComponent
01/06/2021 18:47:40 - INFO: GENERATE GAMEOBJECT : button
01/06/2021 18:47:40 - INFO: GENERATE COMPONENT : TransformComponent
01/06/2021 18:47:40 - INFO: GENERATE COMPONENT : ButtonComponent
01/06/2021 18:47:40 - INFO: GENERATE COMPONENT : ScriptComponent printLang
01/06/2021 18:47:40 - INFO: GENERATE GAMEOBJECT : bonjour
01/06/2021 18:47:40 - INFO: GENERATE COMPONENT : LabelComponent
01/06/2021 18:47:40 - INFO: GENERATE COMPONENT : TransformComponent
01/06/2021 18:47:40 - INFO: GENERATE GAME FILES : SUCCESSFULLY ENDED
01/06/2021 18:47:40 - INFO: COPY CORE FILES : STARTED
01/06/2021 18:47:40 - INFO: CORE FILE : engine.py
01/06/2021 18:47:40 - INFO: CORE FILE : game.py
01/06/2021 18:47:40 - INFO: CORE FILE : gameobject.py
01/06/2021 18:47:40 - INFO: CORE FILE : scene.py
01/06/2021 18:47:40 - INFO: CORE FILE : __init__.py
01/06/2021 18:47:40 - INFO: CORE COMPONENT FILE : Component
01/06/2021 18:47:40 - INFO: CORE COMPONENT FILE : TransformComponent
01/06/2021 18:47:40 - INFO: CORE COMPONENT FILE : SpriteComponent
01/06/2021 18:47:40 - INFO: CORE COMPONENT FILE : ControlComponent
01/06/2021 18:47:40 - INFO: CORE COMPONENT FILE : ParticleComponent
01/06/2021 18:47:40 - INFO: CORE COMPONENT FILE : CollisionComponent
01/06/2021 18:47:40 - INFO: CORE COMPONENT FILE : ButtonComponent
01/06/2021 18:47:40 - INFO: CORE COMPONENT FILE : LabelComponent
01/06/2021 18:47:40 - INFO: CORE SCRIPT FILE : script.py
01/06/2021 18:47:40 - INFO: CORE UTILS FILE : color.py
01/06/2021 18:47:40 - INFO: CORE UTILS FILE : vec2.py
01/06/2021 18:47:40 - INFO: CORE UTILS FILE : lang.py
01/06/2021 18:47:40 - INFO: CORE UTILS FILE : math.py
01/06/2021 18:47:40 - INFO: CORE UTILS FILE : save.py
01/06/2021 18:47:40 - INFO: CORE UTILS FILE : settings.py
01/06/2021 18:47:40 - INFO: CORE UTILS FILE : __init__.py
01/06/2021 18:47:40 - INFO: COPY CORE FILES : SUCCESSFULLY ENDED
01/06/2021 18:47:40 - INFO: BUILD : SUCCESSFULLY ENDED
01/06/2021 18:47:59 - INFO: BUILD : STARTED
01/06/2021 18:47:59 - INFO: CREATE DIR : builds\Testing
01/06/2021 18:47:59 - INFO: CREATE DIR : builds\Testing\files
01/06/2021 18:47:59 - INFO: CREATE DIR : builds\Testing\files\components
01/06/2021 18:47:59 - INFO: CREATE DIR : builds\Testing\files\scripts
01/06/2021 18:47:59 - INFO: CREATE DIR : builds\Testing\files\utils
01/06/2021 18:47:59 - INFO: CREATE DIR : builds\Testing\resources
01/06/2021 18:47:59 - INFO: CREATE DIR : builds\Testing\resources\textures
01/06/2021 18:47:59 - INFO: CREATE DIR : builds\Testing\resources\sounds
01/06/2021 18:47:59 - INFO: CREATE DIR : builds\Testing\resources\langs
01/06/2021 18:47:59 - INFO: COPY GAME RESOURCES : STARTED
01/06/2021 18:47:59 - INFO: GAME TEXTURE RESOURCE : D:/Programmation/Python/Projet/pyengine/PyEngine-4/projects_files/ball.png
01/06/2021 18:47:59 - INFO: GAME TEXTURE RESOURCE : D:/Programmation/Python/Projet/pyengine/PyEngine-4/projects_files/paddle.png
01/06/2021 18:47:59 - INFO: GAME LANG RESOURCE : D:/Programmation/Python/Projet/pyengine/PyEngine-4/projects_files/en.json
01/06/2021 18:47:59 - INFO: GAME LANG RESOURCE : D:/Programmation/Python/Projet/pyengine/PyEngine-4/projects_files/fr.json
01/06/2021 18:47:59 - INFO: COPY GAME RESOURCES : SUCCESSFULLY ENDED
01/06/2021 18:47:59 - INFO: COPY GAME SCRIPTS : STARTED
01/06/2021 18:47:59 - INFO: GAME SCRIPT : printLang.py
01/06/2021 18:47:59 - INFO: COPY GAME SCRIPT : SUCCESSFULLY ENDED
01/06/2021 18:47:59 - INFO: GENERATE GAME FILES : STARTED
01/06/2021 18:47:59 - INFO: GENERATE : Main
01/06/2021 18:47:59 - INFO: GENERATE SCENE : base
01/06/2021 18:47:59 - INFO: GENERATE GAMEOBJECT : e1
01/06/2021 18:47:59 - INFO: GENERATE COMPONENT : TransformComponent
01/06/2021 18:47:59 - INFO: GENERATE COMPONENT : SpriteComponent
01/06/2021 18:47:59 - INFO: GENERATE COMPONENT : ControlComponent
01/06/2021 18:47:59 - INFO: GENERATE COMPONENT : ParticleComponent
01/06/2021 18:47:59 - INFO: GENERATE COMPONENT : CollisionComponent
01/06/2021 18:47:59 - INFO: GENERATE GAMEOBJECT : e2
01/06/2021 18:47:59 - INFO: GENERATE COMPONENT : TransformComponent
01/06/2021 18:47:59 - INFO: GENERATE COMPONENT : SpriteComponent
01/06/2021 18:47:59 - INFO: GENERATE COMPONENT : CollisionComponent
01/06/2021 18:47:59 - INFO: GENERATE GAMEOBJECT : button
01/06/2021 18:47:59 - INFO: GENERATE COMPONENT : TransformComponent
01/06/2021 18:47:59 - INFO: GENERATE COMPONENT : ButtonComponent
01/06/2021 18:47:59 - INFO: GENERATE COMPONENT : ScriptComponent printLang
01/06/2021 18:47:59 - INFO: GENERATE GAMEOBJECT : bonjour
01/06/2021 18:47:59 - INFO: GENERATE COMPONENT : LabelComponent
01/06/2021 18:47:59 - INFO: GENERATE COMPONENT : TransformComponent
01/06/2021 18:47:59 - INFO: GENERATE GAME FILES : SUCCESSFULLY ENDED
01/06/2021 18:47:59 - INFO: COPY CORE FILES : STARTED
01/06/2021 18:47:59 - INFO: CORE FILE : engine.py
01/06/2021 18:47:59 - INFO: CORE FILE : game.py
01/06/2021 18:47:59 - INFO: CORE FILE : gameobject.py
01/06/2021 18:47:59 - INFO: CORE FILE : scene.py
01/06/2021 18:47:59 - INFO: CORE FILE : __init__.py
01/06/2021 18:47:59 - INFO: CORE COMPONENT FILE : Component
01/06/2021 18:47:59 - INFO: CORE COMPONENT FILE : TransformComponent
01/06/2021 18:47:59 - INFO: CORE COMPONENT FILE : SpriteComponent
01/06/2021 18:47:59 - INFO: CORE COMPONENT FILE : ControlComponent
01/06/2021 18:47:59 - INFO: CORE COMPONENT FILE : ParticleComponent
01/06/2021 18:47:59 - INFO: CORE COMPONENT FILE : CollisionComponent
01/06/2021 18:47:59 - INFO: CORE COMPONENT FILE : ButtonComponent
01/06/2021 18:47:59 - INFO: CORE COMPONENT FILE : LabelComponent
01/06/2021 18:47:59 - INFO: CORE SCRIPT FILE : script.py
01/06/2021 18:47:59 - INFO: CORE UTILS FILE : color.py
01/06/2021 18:47:59 - INFO: CORE UTILS FILE : vec2.py
01/06/2021 18:47:59 - INFO: CORE UTILS FILE : lang.py
01/06/2021 18:47:59 - INFO: CORE UTILS FILE : math.py
01/06/2021 18:47:59 - INFO: CORE UTILS FILE : save.py
01/06/2021 18:47:59 - INFO: CORE UTILS FILE : settings.py
01/06/2021 18:47:59 - INFO: CORE UTILS FILE : __init__.py
01/06/2021 18:47:59 - INFO: COPY CORE FILES : SUCCESSFULLY ENDED
01/06/2021 18:47:59 - INFO: BUILD : SUCCESSFULLY ENDED
01/06/2021 18:48:10 - INFO: BUILD : STARTED
01/06/2021 18:48:10 - INFO: CREATE DIR : builds\Testing
01/06/2021 18:48:10 - INFO: CREATE DIR : builds\Testing\files
01/06/2021 18:48:10 - INFO: CREATE DIR : builds\Testing\files\components
01/06/2021 18:48:10 - INFO: CREATE DIR : builds\Testing\files\scripts
01/06/2021 18:48:10 - INFO: CREATE DIR : builds\Testing\files\utils
01/06/2021 18:48:10 - INFO: CREATE DIR : builds\Testing\resources
01/06/2021 18:48:10 - INFO: CREATE DIR : builds\Testing\resources\textures
01/06/2021 18:48:10 - INFO: CREATE DIR : builds\Testing\resources\sounds
01/06/2021 18:48:10 - INFO: CREATE DIR : builds\Testing\resources\langs
01/06/2021 18:48:10 - INFO: COPY GAME RESOURCES : STARTED
01/06/2021 18:48:10 - INFO: GAME TEXTURE RESOURCE : D:/Programmation/Python/Projet/pyengine/PyEngine-4/projects_files/ball.png
01/06/2021 18:48:10 - INFO: GAME TEXTURE RESOURCE : D:/Programmation/Python/Projet/pyengine/PyEngine-4/projects_files/paddle.png
01/06/2021 18:48:10 - INFO: GAME LANG RESOURCE : D:/Programmation/Python/Projet/pyengine/PyEngine-4/projects_files/en.json
01/06/2021 18:48:10 - INFO: GAME LANG RESOURCE : D:/Programmation/Python/Projet/pyengine/PyEngine-4/projects_files/fr.json
01/06/2021 18:48:10 - INFO: COPY GAME RESOURCES : SUCCESSFULLY ENDED
01/06/2021 18:48:10 - INFO: COPY GAME SCRIPTS : STARTED
01/06/2021 18:48:10 - INFO: GAME SCRIPT : printLang.py
01/06/2021 18:48:10 - INFO: COPY GAME SCRIPT : SUCCESSFULLY ENDED
01/06/2021 18:48:10 - INFO: GENERATE GAME FILES : STARTED
01/06/2021 18:48:10 - INFO: GENERATE : Main
01/06/2021 18:48:10 - INFO: GENERATE SCENE : base
01/06/2021 18:48:10 - INFO: GENERATE GAMEOBJECT : e1
01/06/2021 18:48:10 - INFO: GENERATE COMPONENT : TransformComponent
01/06/2021 18:48:10 - INFO: GENERATE COMPONENT : SpriteComponent
01/06/2021 18:48:10 - INFO: GENERATE COMPONENT : ControlComponent
01/06/2021 18:48:10 - INFO: GENERATE COMPONENT : ParticleComponent
01/06/2021 18:48:10 - INFO: GENERATE COMPONENT : CollisionComponent
01/06/2021 18:48:10 - INFO: GENERATE GAMEOBJECT : e2
01/06/2021 18:48:10 - INFO: GENERATE COMPONENT : TransformComponent
01/06/2021 18:48:10 - INFO: GENERATE COMPONENT : SpriteComponent
01/06/2021 18:48:10 - INFO: GENERATE COMPONENT : CollisionComponent
01/06/2021 18:48:10 - INFO: GENERATE GAMEOBJECT : button
01/06/2021 18:48:10 - INFO: GENERATE COMPONENT : TransformComponent
01/06/2021 18:48:10 - INFO: GENERATE COMPONENT : ButtonComponent
01/06/2021 18:48:10 - INFO: GENERATE COMPONENT : ScriptComponent printLang
01/06/2021 18:48:10 - INFO: GENERATE GAMEOBJECT : bonjour
01/06/2021 18:48:10 - INFO: GENERATE COMPONENT : LabelComponent
01/06/2021 18:48:10 - INFO: GENERATE COMPONENT : TransformComponent
01/06/2021 18:48:10 - INFO: GENERATE GAME FILES : SUCCESSFULLY ENDED
01/06/2021 18:48:10 - INFO: COPY CORE FILES : STARTED
01/06/2021 18:48:10 - INFO: CORE FILE : engine.py
01/06/2021 18:48:10 - INFO: CORE FILE : game.py
01/06/2021 18:48:10 - INFO: CORE FILE : gameobject.py
01/06/2021 18:48:10 - INFO: CORE FILE : scene.py
01/06/2021 18:48:10 - INFO: CORE FILE : __init__.py
01/06/2021 18:48:10 - INFO: CORE COMPONENT FILE : Component
01/06/2021 18:48:10 - INFO: CORE COMPONENT FILE : TransformComponent
01/06/2021 18:48:10 - INFO: CORE COMPONENT FILE : SpriteComponent
01/06/2021 18:48:10 - INFO: CORE COMPONENT FILE : ControlComponent
01/06/2021 18:48:10 - INFO: CORE COMPONENT FILE : ParticleComponent
01/06/2021 18:48:10 - INFO: CORE COMPONENT FILE : CollisionComponent
01/06/2021 18:48:10 - INFO: CORE COMPONENT FILE : ButtonComponent
01/06/2021 18:48:10 - INFO: CORE COMPONENT FILE : LabelComponent
01/06/2021 18:48:10 - INFO: CORE SCRIPT FILE : script.py
01/06/2021 18:48:10 - INFO: CORE UTILS FILE : color.py
01/06/2021 18:48:10 - INFO: CORE UTILS FILE : vec2.py
01/06/2021 18:48:10 - INFO: CORE UTILS FILE : lang.py
01/06/2021 18:48:10 - INFO: CORE UTILS FILE : math.py
01/06/2021 18:48:10 - INFO: CORE UTILS FILE : save.py
01/06/2021 18:48:10 - INFO: CORE UTILS FILE : settings.py
01/06/2021 18:48:10 - INFO: CORE UTILS FILE : __init__.py
01/06/2021 18:48:10 - INFO: COPY CORE FILES : SUCCESSFULLY ENDED
01/06/2021 18:48:10 - INFO: BUILD : SUCCESSFULLY ENDED
